-------------------------------------------------------------------------------
Test set: Runners.TestRunner
-------------------------------------------------------------------------------
Tests run: 12, Failures: 0, Errors: 12, Skipped: 0, Time elapsed: 2.817 s <<< FAILURE! - in Runners.TestRunner
user should be able to add item to wishlist #1.user adds item to wishlist  Time elapsed: 0.223 s  <<< ERROR!
io.cucumber.junit.UndefinedStepException: 
The step 'user logged in to home page to add to wishlist' and 3 other step(s) are undefined.
You can implement these steps using the snippet(s) below:

@Given("user logged in to home page to add to wishlist")
public void user_logged_in_to_home_page_to_add_to_wishlist() {
    // Write code here that turns the phrase above into concrete actions
    throw new io.cucumber.java.PendingException();
}
@When("user adds an item to the wishlist")
public void user_adds_an_item_to_the_wishlist() {
    // Write code here that turns the phrase above into concrete actions
    throw new io.cucumber.java.PendingException();
}
@Then("item should be added to the wishlist")
public void item_should_be_added_to_the_wishlist() {
    // Write code here that turns the phrase above into concrete actions
    throw new io.cucumber.java.PendingException();
}
@Then("End wishlist")
public void end_wishlist() {
    // Write code here that turns the phrase above into concrete actions
    throw new io.cucumber.java.PendingException();
}


user should be able to add item to wishlist #2.user compares between items  Time elapsed: 0.025 s  <<< ERROR!
io.cucumber.junit.UndefinedStepException: 
The step 'user logged in to home page to compare between items' and 3 other step(s) are undefined.
You can implement these steps using the snippet(s) below:

@Given("user logged in to home page to compare between items")
public void user_logged_in_to_home_page_to_compare_between_items() {
    // Write code here that turns the phrase above into concrete actions
    throw new io.cucumber.java.PendingException();
}
@When("user adds items to compare")
public void user_adds_items_to_compare() {
    // Write code here that turns the phrase above into concrete actions
    throw new io.cucumber.java.PendingException();
}
@Then("item should be added to the compare")
public void item_should_be_added_to_the_compare() {
    // Write code here that turns the phrase above into concrete actions
    throw new io.cucumber.java.PendingException();
}
@Then("End compare")
public void end_compare() {
    // Write code here that turns the phrase above into concrete actions
    throw new io.cucumber.java.PendingException();
}


user submits an order.user place an order successfully  Time elapsed: 0.019 s  <<< ERROR!
io.cucumber.junit.UndefinedStepException: 
The step 'user logged in to home page to place an order' and 3 other step(s) are undefined.
You can implement these steps using the snippet(s) below:

@Given("user logged in to home page to place an order")
public void user_logged_in_to_home_page_to_place_an_order() {
    // Write code here that turns the phrase above into concrete actions
    throw new io.cucumber.java.PendingException();
}
@When("user adds items to cart and place order")
public void user_adds_items_to_cart_and_place_order() {
    // Write code here that turns the phrase above into concrete actions
    throw new io.cucumber.java.PendingException();
}
@Then("order should be created successfully")
public void order_should_be_created_successfully() {
    // Write code here that turns the phrase above into concrete actions
    throw new io.cucumber.java.PendingException();
}
@Then("End Order")
public void end_order() {
    // Write code here that turns the phrase above into concrete actions
    throw new io.cucumber.java.PendingException();
}


user should be able to register to the system.user register with valid info  Time elapsed: 0.02 s  <<< ERROR!
io.cucumber.junit.UndefinedStepException: 
The step 'user navigates to registration  page' and 3 other step(s) are undefined.
You can implement these steps using the snippet(s) below:

@Given("user navigates to registration  page")
public void user_navigates_to_registration_page() {
    // Write code here that turns the phrase above into concrete actions
    throw new io.cucumber.java.PendingException();
}
@When("user enters all data successfully and submits")
public void user_enters_all_data_successfully_and_submits() {
    // Write code here that turns the phrase above into concrete actions
    throw new io.cucumber.java.PendingException();
}
@Then("success registration message should be displayed to the user")
public void success_registration_message_should_be_displayed_to_the_user() {
    // Write code here that turns the phrase above into concrete actions
    throw new io.cucumber.java.PendingException();
}
@Then("Close browser")
public void close_browser() {
    // Write code here that turns the phrase above into concrete actions
    throw new io.cucumber.java.PendingException();
}


user should be able to login to the system.user login with valid username and password  Time elapsed: 0.017 s  <<< ERROR!
io.cucumber.junit.UndefinedStepException: 
The step 'user navigates to login page' and 3 other step(s) are undefined.
You can implement these steps using the snippet(s) below:

@Given("user navigates to login page")
public void user_navigates_to_login_page() {
    // Write code here that turns the phrase above into concrete actions
    throw new io.cucumber.java.PendingException();
}
@When("user enter valid username and password And user click on login button")
public void user_enter_valid_username_and_password_and_user_click_on_login_button() {
    // Write code here that turns the phrase above into concrete actions
    throw new io.cucumber.java.PendingException();
}
@Then("user could login successfully and go to homepage")
public void user_could_login_successfully_and_go_to_homepage() {
    // Write code here that turns the phrase above into concrete actions
    throw new io.cucumber.java.PendingException();
}
@Then("End browser")
public void end_browser() {
    // Write code here that turns the phrase above into concrete actions
    throw new io.cucumber.java.PendingException();
}


user forgot password.user reset password successfully  Time elapsed: 0.015 s  <<< ERROR!
io.cucumber.junit.UndefinedStepException: 
The step 'user navigates to home page' and 3 other step(s) are undefined.
You can implement these steps using the snippet(s) below:

@Given("user navigates to home page")
public void user_navigates_to_home_page() {
    // Write code here that turns the phrase above into concrete actions
    throw new io.cucumber.java.PendingException();
}
@When("user click on forgot link and enters correct email")
public void user_click_on_forgot_link_and_enters_correct_email() {
    // Write code here that turns the phrase above into concrete actions
    throw new io.cucumber.java.PendingException();
}
@Then("user should receive email with instructions")
public void user_should_receive_email_with_instructions() {
    // Write code here that turns the phrase above into concrete actions
    throw new io.cucumber.java.PendingException();
}
@Then("Close")
public void close() {
    // Write code here that turns the phrase above into concrete actions
    throw new io.cucumber.java.PendingException();
}


user should be able to search.user search  Time elapsed: 0.012 s  <<< ERROR!
io.cucumber.junit.UndefinedStepException: 
The step 'user logged in to home page' and 3 other step(s) are undefined.
You can implement these steps using the snippet(s) below:

@Given("user logged in to home page")
public void user_logged_in_to_home_page() {
    // Write code here that turns the phrase above into concrete actions
    throw new io.cucumber.java.PendingException();
}
@When("user type in the search field")
public void user_type_in_the_search_field() {
    // Write code here that turns the phrase above into concrete actions
    throw new io.cucumber.java.PendingException();
}
@Then("results should be displayed based on the search criteria")
public void results_should_be_displayed_based_on_the_search_criteria() {
    // Write code here that turns the phrase above into concrete actions
    throw new io.cucumber.java.PendingException();
}
@Then("End")
public void end() {
    // Write code here that turns the phrase above into concrete actions
    throw new io.cucumber.java.PendingException();
}


user should be able to change currency.user changes currency  Time elapsed: 0.078 s  <<< ERROR!
io.cucumber.junit.UndefinedStepException: 
The step 'user logged in to home page to change currency' and 3 other step(s) are undefined.
You can implement these steps using the snippet(s) below:

@Given("user logged in to home page to change currency")
public void user_logged_in_to_home_page_to_change_currency() {
    // Write code here that turns the phrase above into concrete actions
    throw new io.cucumber.java.PendingException();
}
@When("user changes current currency")
public void user_changes_current_currency() {
    // Write code here that turns the phrase above into concrete actions
    throw new io.cucumber.java.PendingException();
}
@Then("currency should be changed")
public void currency_should_be_changed() {
    // Write code here that turns the phrase above into concrete actions
    throw new io.cucumber.java.PendingException();
}
@Then("End currency")
public void end_currency() {
    // Write code here that turns the phrase above into concrete actions
    throw new io.cucumber.java.PendingException();
}


user should be able to choose category.user selects category  Time elapsed: 0.031 s  <<< ERROR!
io.cucumber.junit.UndefinedStepException: 
The step 'user logged in to home page to select category' and 3 other step(s) are undefined.
You can implement these steps using the snippet(s) below:

@Given("user logged in to home page to select category")
public void user_logged_in_to_home_page_to_select_category() {
    // Write code here that turns the phrase above into concrete actions
    throw new io.cucumber.java.PendingException();
}
@When("user selects category")
public void user_selects_category() {
    // Write code here that turns the phrase above into concrete actions
    throw new io.cucumber.java.PendingException();
}
@Then("category should be displayed")
public void category_should_be_displayed() {
    // Write code here that turns the phrase above into concrete actions
    throw new io.cucumber.java.PendingException();
}
@Then("End categories")
public void end_categories() {
    // Write code here that turns the phrase above into concrete actions
    throw new io.cucumber.java.PendingException();
}


user should be able to choose color.user selects color  Time elapsed: 0.023 s  <<< ERROR!
io.cucumber.junit.UndefinedStepException: 
The step 'user logged in to home page to select color' and 3 other step(s) are undefined.
You can implement these steps using the snippet(s) below:

@Given("user logged in to home page to select color")
public void user_logged_in_to_home_page_to_select_color() {
    // Write code here that turns the phrase above into concrete actions
    throw new io.cucumber.java.PendingException();
}
@When("user selects color")
public void user_selects_color() {
    // Write code here that turns the phrase above into concrete actions
    throw new io.cucumber.java.PendingException();
}
@Then("results should be filtered with the selected color")
public void results_should_be_filtered_with_the_selected_color() {
    // Write code here that turns the phrase above into concrete actions
    throw new io.cucumber.java.PendingException();
}
@Then("End colors")
public void end_colors() {
    // Write code here that turns the phrase above into concrete actions
    throw new io.cucumber.java.PendingException();
}


user should be able to choose tags.user selects tags  Time elapsed: 0.017 s  <<< ERROR!
io.cucumber.junit.UndefinedStepException: 
The step 'user logged in to home page to select tags' and 3 other step(s) are undefined.
You can implement these steps using the snippet(s) below:

@Given("user logged in to home page to select tags")
public void user_logged_in_to_home_page_to_select_tags() {
    // Write code here that turns the phrase above into concrete actions
    throw new io.cucumber.java.PendingException();
}
@When("user selects tag")
public void user_selects_tag() {
    // Write code here that turns the phrase above into concrete actions
    throw new io.cucumber.java.PendingException();
}
@Then("results should be filtered with the selected tag")
public void results_should_be_filtered_with_the_selected_tag() {
    // Write code here that turns the phrase above into concrete actions
    throw new io.cucumber.java.PendingException();
}
@Then("End tags")
public void end_tags() {
    // Write code here that turns the phrase above into concrete actions
    throw new io.cucumber.java.PendingException();
}


user should be able to add to cart.user selects an item to be added to the cart  Time elapsed: 0.017 s  <<< ERROR!
io.cucumber.junit.UndefinedStepException: 
The step 'user logged in to home page to add to cart' and 3 other step(s) are undefined.
You can implement these steps using the snippet(s) below:

@Given("user logged in to home page to add to cart")
public void user_logged_in_to_home_page_to_add_to_cart() {
    // Write code here that turns the phrase above into concrete actions
    throw new io.cucumber.java.PendingException();
}
@When("user adds an item to the cart")
public void user_adds_an_item_to_the_cart() {
    // Write code here that turns the phrase above into concrete actions
    throw new io.cucumber.java.PendingException();
}
@Then("item should be added to the cart")
public void item_should_be_added_to_the_cart() {
    // Write code here that turns the phrase above into concrete actions
    throw new io.cucumber.java.PendingException();
}
@Then("End cart")
public void end_cart() {
    // Write code here that turns the phrase above into concrete actions
    throw new io.cucumber.java.PendingException();
}


